<?xml version="1.0" encoding="UTF-8"?>
<!-- Generated by org.testng.reporters.JUnitReportReporter -->
<testsuite skipped="0" hostname="DESKTOP-9LG5GRO" name="com.Testng.Parallel_test" tests="2" failures="0" timestamp="2022-04-26T12:44:07 IST" time="23.988" errors="0">
  <testcase name="chrome1" time="7.824" classname="com.Testng.Parallel_test"/>
  <system-out/>
  <testcase name="chrome" time="16.164" classname="com.Testng.Parallel_test"/>
  <system-out/>
</testsuite> <!-- com.Testng.Parallel_test -->
