<?xml version="1.0" encoding="UTF-8"?>
<!-- Generated by org.testng.reporters.JUnitReportReporter -->
<testsuite skipped="0" hostname="DESKTOP-9LG5GRO" name="com.Testng.Parameterized_test" tests="1" failures="0" timestamp="2022-04-26T11:23:55 IST" time="0.013" errors="0">
  <testcase name="credentials" time="0.013" classname="com.Testng.Parameterized_test"/>
  <system-out/>
</testsuite> <!-- com.Testng.Parameterized_test -->
