<?xml version="1.0" encoding="UTF-8"?>
<!-- Generated by org.testng.reporters.JUnitReportReporter -->
<testsuite skipped="0" hostname="DESKTOP-9LG5GRO" name="com.Testng.Expected_exceptions" tests="1" failures="0" timestamp="2022-04-25T16:14:46 IST" time="0.012" errors="0">
  <testcase name="demo" time="0.012" classname="com.Testng.Expected_exceptions"/>
  <system-out/>
</testsuite> <!-- com.Testng.Expected_exceptions -->
