<?xml version="1.0" encoding="UTF-8"?>
<!-- Generated by org.testng.reporters.JUnitReportReporter -->
<testsuite skipped="0" hostname="DESKTOP-9LG5GRO" name="com.Testng.Grouping_test" tests="5" failures="0" timestamp="2022-04-26T11:04:55 IST" time="0.030" errors="0">
  <testcase name="pens" time="0.004" classname="com.Testng.Grouping_test"/>
  <system-out/>
  <testcase name="wynk" time="0.003" classname="com.Testng.Grouping_test"/>
  <system-out/>
  <testcase name="books" time="0.015" classname="com.Testng.Grouping_test"/>
  <system-out/>
  <testcase name="spotify" time="0.004" classname="com.Testng.Grouping_test"/>
  <system-out/>
  <testcase name="pencils" time="0.004" classname="com.Testng.Grouping_test"/>
  <system-out/>
</testsuite> <!-- com.Testng.Grouping_test -->
