<?xml version="1.0" encoding="UTF-8"?>
<!-- Generated by org.testng.reporters.JUnitReportReporter -->
<testsuite skipped="0" hostname="DESKTOP-9LG5GRO" name="com.Testng.Priority_annot" tests="3" failures="0" timestamp="2022-04-22T11:04:53 IST" time="0.018" errors="0">
  <testcase name="dresses" time="0.012" classname="com.Testng.Priority_annot"/>
  <system-out/>
  <testcase name="tshirts" time="0.002" classname="com.Testng.Priority_annot"/>
  <system-out/>
  <testcase name="women" time="0.004" classname="com.Testng.Priority_annot"/>
  <system-out/>
</testsuite> <!-- com.Testng.Priority_annot -->
