<?xml version="1.0" encoding="UTF-8"?>
<!-- Generated by org.testng.reporters.JUnitReportReporter -->
<testsuite skipped="0" hostname="DESKTOP-9LG5GRO" name="com.Testng.Data_provider" tests="3" failures="0" timestamp="2022-04-26T11:49:39 IST" time="0.013" errors="0">
  <testcase name="credentials" time="0.002" classname="com.Testng.Data_provider"/>
  <system-out/>
  <testcase name="credentials" time="0.009" classname="com.Testng.Data_provider"/>
  <system-out/>
  <testcase name="credentials" time="0.002" classname="com.Testng.Data_provider"/>
  <system-out/>
</testsuite> <!-- com.Testng.Data_provider -->
