<?xml version="1.0" encoding="UTF-8"?>
<!-- Generated by org.testng.reporters.JUnitReportReporter -->
<testsuite skipped="1" hostname="DESKTOP-9LG5GRO" name="com.Testng.Ignore_annot" tests="2" failures="0" timestamp="2022-04-22T10:13:32 IST" time="0.028" errors="0">
  <testcase name="tshirts" time="0.028" classname="com.Testng.Ignore_annot"/>
  <system-out/>
  <testcase name="dresses" classname="com.Testng.Ignore_annot">
    <skipped/>
  </testcase> <!-- dresses -->
  <system-out/>
</testsuite> <!-- com.Testng.Ignore_annot -->
