<?xml version="1.0" encoding="UTF-8"?>
<!-- Generated by org.testng.reporters.JUnitReportReporter -->
<testsuite skipped="0" hostname="DESKTOP-9LG5GRO" name="com.Testng.Assert_concept" tests="1" failures="0" timestamp="2022-05-04T09:30:55 IST" time="0.016" errors="0">
  <testcase name="demo" time="0.016" classname="com.Testng.Assert_concept"/>
  <system-out/>
</testsuite> <!-- com.Testng.Assert_concept -->
