<?xml version="1.0" encoding="UTF-8"?>
<!-- Generated by org.testng.reporters.JUnitReportReporter -->
<testsuite skipped="0" hostname="DESKTOP-9LG5GRO" name="com.Testng.Dependency_test" tests="7" failures="0" timestamp="2022-04-26T19:11:30 IST" time="0.024" errors="0">
  <testcase name="getelement" time="0.003" classname="com.Testng.Dependency_test"/>
  <system-out/>
  <testcase name="payment" time="0.002" classname="com.Testng.Dependency_test"/>
  <system-out/>
  <testcase name="geturl" time="0.002" classname="com.Testng.Dependency_test"/>
  <system-out/>
  <testcase name="logout" time="0.001" classname="com.Testng.Dependency_test"/>
  <system-out/>
  <testcase name="addtocart" time="0.002" classname="com.Testng.Dependency_test"/>
  <system-out/>
  <testcase name="setproperty" time="0.011" classname="com.Testng.Dependency_test"/>
  <system-out/>
  <testcase name="login" time="0.003" classname="com.Testng.Dependency_test"/>
  <system-out/>
</testsuite> <!-- com.Testng.Dependency_test -->
