<?xml version="1.0" encoding="UTF-8"?>
<!-- Generated by org.testng.reporters.JUnitReportReporter -->
<testsuite skipped="0" hostname="DESKTOP-9LG5GRO" name="com.Testng.Timeout_test" tests="1" failures="0" timestamp="2022-04-22T20:48:01 IST" time="5.036" errors="0">
  <testcase name="logout" time="5.036" classname="com.Testng.Timeout_test"/>
  <system-out/>
</testsuite> <!-- com.Testng.Timeout_test -->
