<?xml version="1.0" encoding="UTF-8"?>
<!-- Generated by org.testng.reporters.JUnitReportReporter -->
<testsuite skipped="0" hostname="DESKTOP-9LG5GRO" name="com.Testng.Invoc_count" tests="6" failures="0" timestamp="2022-04-25T16:04:26 IST" time="0.030" errors="0">
  <testcase name="women" time="0.012" classname="com.Testng.Invoc_count"/>
  <system-out/>
  <testcase name="refresh" time="0.005" classname="com.Testng.Invoc_count"/>
  <system-out/>
  <testcase name="refresh" time="0.003" classname="com.Testng.Invoc_count"/>
  <system-out/>
  <testcase name="tshirts" time="0.004" classname="com.Testng.Invoc_count"/>
  <system-out/>
  <testcase name="dresses" time="0.004" classname="com.Testng.Invoc_count"/>
  <system-out/>
  <testcase name="refresh" time="0.002" classname="com.Testng.Invoc_count"/>
  <system-out/>
</testsuite> <!-- com.Testng.Invoc_count -->
