<?xml version="1.0" encoding="UTF-8"?>
<!-- Generated by org.testng.reporters.JUnitReportReporter -->
<testsuite skipped="0" hostname="DESKTOP-9LG5GRO" name="com.Testng.Simple_annotations" tests="2" failures="0" timestamp="2022-04-22T14:38:06 IST" time="0.018" errors="0">
  <testcase name="dresses" time="0.012" classname="com.Testng.Simple_annotations"/>
  <system-out/>
  <testcase name="women" time="0.006" classname="com.Testng.Simple_annotations"/>
  <system-out/>
</testsuite> <!-- com.Testng.Simple_annotations -->
